2025-06-27 14:56:29,346 - Optimizer - INFO

╔═══════════════════════════════════════════════════════════════════════════════╗
║                                                                               ║
║  ██╗███╗   ██╗███████╗██╗██╗     ██╗ ██████╗██╗ ██████╗ ██████╗ ████████╗     ║
║  ██║████╗  ██║██╔════╝██║██║     ██║██╔════╝██║██╔═══██╗██╔══██╗╚══██╔══╝     ║
║  ██║██╔██╗ ██║███████╗██║██║     ██║██║     ██║██║   ██║██████╔╝   ██║        ║
║  ██║██║╚██╗██║╚════██║██║██║     ██║██║     ██║██║   ██║██╔═══╝    ██║        ║
║  ██║██║ ╚████║███████║██║███████╗██║╚██████╗██║╚██████╔╝██║        ██║        ║
║  ╚═╝╚═╝  ╚═══╝╚══════╝╚═╝╚══════╝╚═╝ ╚═════╝╚═╝ ╚═════╝ ╚═╝        ╚═╝        ║
║                                                                               ║
║                       In Silico Optimization Framework                        ║
║                                 Version 1.0                                   ║
║                                                                               ║
╚═══════════════════════════════════════════════════════════════════════════════╝


OPTIMIZATION SPECIES:
    Reactant 1: Substrate
    Reactant 2: Nucleophilic
    Products: Product1


OPTIMIZATION BOUNDARIES:
    Temperature: (60, 140) °C
    Concentration Reactant 1: (100, 500) %
    Concentration Ratio: (1.0, 5.0)
    Time: (0.5, 2.0) minutes
    STY: (0, 100000000.0)
    E_factor: (0, 50)


REACTOR:
  Num Reactions: 16
  Num Species: 10
  Num Transition States: 16


KINETICS:
  Num Reactions: 16
  Num Species: 10
  Num Transition States: 16
  Tunneling correction: None
  Gradient threshold: 0.004


SOLVATION:
  Num Reactions: 16
  Num Species: 10
  Num Transition States: 16
  Gas Constant: 8.3145


OUTPUT DIRECTORY:
    /home/lennart/PycharmProjects/insiliciopt/examples/system_1/output


OPTIMIZER:
  Type: TSEMO
  Num LHS points: 20


REACTIONS:
   R1_fwd: Substrate + Nucleophilic → ITS1 (TS: TS1_fwd)
   R1_rev: ITS1 → Substrate + Nucleophilic (TS: TS1_rev)
   R2_fwd: Substrate + Nucleophilic → ITS2 (TS: TS2_fwd)
   R2_rev: ITS2 → Substrate + Nucleophilic (TS: TS2_rev)
   R3_fwd: Product2 + Nucleophilic → ITS3 (TS: TS3_fwd)
   R3_rev: ITS3 → Product2 + Nucleophilic (TS: TS3_rev)
   R4_fwd: Product1 + Nucleophilic → ITS4 (TS: TS4_fwd)
   R4_rev: ITS4 → Product1 + Nucleophilic (TS: TS4_rev)
   R5_fwd: ITS1 → Product1 + LeavingGroup (TS: TS12_fwd)
   R5_rev: Product1 + LeavingGroup → ITS1 (TS: TS12_rev)
   R6_fwd: ITS2 → Product2 + LeavingGroup (TS: TS22_fwd)
   R6_rev: Product2 + LeavingGroup → ITS2 (TS: TS22_rev)
   R7_fwd: ITS3 → Product3 + LeavingGroup (TS: TS32_fwd)
   R7_rev: Product3 + LeavingGroup → ITS3 (TS: TS32_rev)
   R8_fwd: ITS4 → Product3 + LeavingGroup (TS: TS42_fwd)
   R8_rev: Product3 + LeavingGroup → ITS4 (TS: TS42_rev)


SPECIES:
   Species('ITS4', mass=0.301, energy=-959.989508763147, fchk='ITS4.fchk', tab='ITS4.tab')
   Species('Product3', mass=0.26114773, energy=-859.579422928392, fchk='Product3.fchk', tab='Product3.tab')
   Species('Nucleophilic', mass=0.071, energy=-212.567127673868, fchk='Nucleophilic.fchk', tab='Nucleophilic.tab')
   Species('Product1', mass=0.21008046, energy=-747.459040149113, fchk='Product1.fchk', tab='Product1.tab')
   Species('LeavingGroup', mass=0.02, energy=-100.467619260434, fchk='LeavingGroup.fchk', tab='LeavingGroup.tab')
   Species('ITS3', mass=0.301, energy=-960.014334953842, fchk='ITS3.fchk', tab='ITS3.tab')
   Species('Product2', mass=0.21008046, energy=-747.459616153585, fchk='Product2.fchk', tab='Product2.tab')
   Species('ITS2', mass=0.22999999999999998, energy=-847.87075447606, fchk='ITS2.fchk', tab='ITS2.tab')
   Species('ITS1', mass=0.22999999999999998, energy=-847.894967749602, fchk='ITS1.fchk', tab='ITS1.tab')
   Species('Substrate', mass=0.159, energy=-635.334856191927, fchk='Substrate.fchk', tab='Substrate.tab')


TRANSITION STATES:
   TransitionState('TS32_rev', mass=None, energy=-960.005129677018, fchk='TS32.fchk', tab='TS32.tab')
   TransitionState('TS3_fwd', mass=None, energy=-960.013678294337, fchk='TS3.fchk', tab='TS3.tab')
   TransitionState('TS42_rev', mass=None, energy=-959.980523196275, fchk='TS42.fchk', tab='TS42.tab')
   TransitionState('TS1_rev', mass=None, energy=-847.893645136721, fchk='TS1.fchk', tab='TS1.tab')
   TransitionState('TS4_rev', mass=None, energy=-960.001694263016, fchk='TS4.fchk', tab='TS4.tab')
   TransitionState('TS32_fwd', mass=None, energy=-960.005129677018, fchk='TS32.fchk', tab='TS32.tab')
   TransitionState('TS22_fwd', mass=None, energy=-847.862395909096, fchk='TS22.fchk', tab='TS22.tab')
   TransitionState('TS1_fwd', mass=None, energy=-847.893645136721, fchk='TS1.fchk', tab='TS1.tab')
   TransitionState('TS2_fwd', mass=None, energy=-847.88361098324, fchk='TS2.fchk', tab='TS2.tab')
   TransitionState('TS22_rev', mass=None, energy=-847.862395909096, fchk='TS22.fchk', tab='TS22.tab')
   TransitionState('TS42_fwd', mass=None, energy=-959.980523196275, fchk='TS42.fchk', tab='TS42.tab')
   TransitionState('TS12_rev', mass=None, energy=-847.881008554995, fchk='TS12.fchk', tab='TS12.tab')
   TransitionState('TS12_fwd', mass=None, energy=-847.881008554995, fchk='TS12.fchk', tab='TS12.tab')
   TransitionState('TS4_fwd', mass=None, energy=-960.001694263016, fchk='TS4.fchk', tab='TS4.tab')
   TransitionState('TS2_rev', mass=None, energy=-847.88361098324, fchk='TS2.fchk', tab='TS2.tab')
   TransitionState('TS3_rev', mass=None, energy=-960.013678294337, fchk='TS3.fchk', tab='TS3.tab')


===== STARTING OPTIMIZATION =====


2025-06-27 14:56:47,845 - Optimizer - INFO
===================================
ITERATION 1
    Type: LHS
    Conditions:
        Temperature: 114.0 °C
        Concentration Reactant 1: 470.0
        Concentration Ratio: 3.10
        Time: 1.66 minutes
    Results:
        STY: 3.5306e+03
        E-factor: 0.8217

2025-06-27 14:57:02,472 - Optimizer - INFO
===================================
ITERATION 2
    Type: LHS
    Conditions:
        Temperature: 122.0 °C
        Concentration Reactant 1: 230.00000000000003
        Concentration Ratio: 2.30
        Time: 0.61 minutes
    Results:
        STY: 3.4268e+03
        E-factor: 1.1194

2025-06-27 14:57:17,198 - Optimizer - INFO
===================================
ITERATION 3
    Type: LHS
    Conditions:
        Temperature: 134.0 °C
        Concentration Reactant 1: 170.0
        Concentration Ratio: 4.90
        Time: 0.84 minutes
    Results:
        STY: 2.4963e+03
        E-factor: 1.4735

2025-06-27 14:57:38,256 - Optimizer - INFO
===================================
ITERATION 4
    Type: LHS
    Conditions:
        Temperature: 110.0 °C
        Concentration Reactant 1: 370.0
        Concentration Ratio: 4.10
        Time: 1.51 minutes
    Results:
        STY: 3.0544e+03
        E-factor: 1.1633

2025-06-27 14:57:56,005 - Optimizer - INFO
===================================
ITERATION 5
    Type: LHS
    Conditions:
        Temperature: 86.0 °C
        Concentration Reactant 1: 410.0
        Concentration Ratio: 3.70
        Time: 1.29 minutes
    Results:
        STY: 3.6867e+03
        E-factor: 1.1859

2025-06-27 14:58:10,658 - Optimizer - INFO
===================================
ITERATION 6
    Type: LHS
    Conditions:
        Temperature: 78.0 °C
        Concentration Reactant 1: 250.0
        Concentration Ratio: 1.50
        Time: 1.36 minutes
    Results:
        STY: 9.3275e+02
        E-factor: 2.1340

2025-06-27 14:58:25,507 - Optimizer - INFO
===================================
ITERATION 7
    Type: LHS
    Conditions:
        Temperature: 74.0 °C
        Concentration Reactant 1: 110.0
        Concentration Ratio: 3.30
        Time: 1.21 minutes
    Results:
        STY: 3.9699e+02
        E-factor: 4.3931

2025-06-27 14:58:41,011 - Optimizer - INFO
===================================
ITERATION 8
    Type: LHS
    Conditions:
        Temperature: 98.0 °C
        Concentration Reactant 1: 450.0
        Concentration Ratio: 3.50
        Time: 1.81 minutes
    Results:
        STY: 3.0921e+03
        E-factor: 0.9636

2025-06-27 14:58:55,958 - Optimizer - INFO
===================================
ITERATION 9
    Type: LHS
    Conditions:
        Temperature: 90.0 °C
        Concentration Reactant 1: 270.0
        Concentration Ratio: 4.70
        Time: 0.91 minutes
    Results:
        STY: 3.1429e+03
        E-factor: 1.7835

2025-06-27 14:59:10,713 - Optimizer - INFO
===================================
ITERATION 10
    Type: LHS
    Conditions:
        Temperature: 126.0 °C
        Concentration Reactant 1: 290.0
        Concentration Ratio: 3.90
        Time: 1.06 minutes
    Results:
        STY: 3.3949e+03
        E-factor: 1.1031

2025-06-27 14:59:25,592 - Optimizer - INFO
===================================
ITERATION 11
    Type: LHS
    Conditions:
        Temperature: 118.0 °C
        Concentration Reactant 1: 150.0
        Concentration Ratio: 2.10
        Time: 1.59 minutes
    Results:
        STY: 9.5898e+02
        E-factor: 0.8218

2025-06-27 14:59:40,391 - Optimizer - INFO
===================================
ITERATION 12
    Type: LHS
    Conditions:
        Temperature: 102.0 °C
        Concentration Reactant 1: 130.0
        Concentration Ratio: 2.90
        Time: 1.96 minutes
    Results:
        STY: 6.7211e+02
        E-factor: 1.1582

2025-06-27 14:59:55,195 - Optimizer - INFO
===================================
ITERATION 13
    Type: LHS
    Conditions:
        Temperature: 62.0 °C
        Concentration Reactant 1: 210.0
        Concentration Ratio: 1.70
        Time: 0.54 minutes
    Results:
        STY: 5.5028e+02
        E-factor: 10.9155

2025-06-27 15:00:10,051 - Optimizer - INFO
===================================
ITERATION 14
    Type: LHS
    Conditions:
        Temperature: 82.0 °C
        Concentration Reactant 1: 330.0
        Concentration Ratio: 2.70
        Time: 1.74 minutes
    Results:
        STY: 1.9538e+03
        E-factor: 1.0458

2025-06-27 15:00:24,842 - Optimizer - INFO
===================================
ITERATION 15
    Type: LHS
    Conditions:
        Temperature: 94.0 °C
        Concentration Reactant 1: 490.00000000000006
        Concentration Ratio: 2.50
        Time: 1.89 minutes
    Results:
        STY: 3.1456e+03
        E-factor: 0.6666

2025-06-27 15:00:39,679 - Optimizer - INFO
===================================
ITERATION 16
    Type: LHS
    Conditions:
        Temperature: 106.0 °C
        Concentration Reactant 1: 190.0
        Concentration Ratio: 1.90
        Time: 0.99 minutes
    Results:
        STY: 1.4330e+03
        E-factor: 1.3680

2025-06-27 15:00:54,583 - Optimizer - INFO
===================================
ITERATION 17
    Type: LHS
    Conditions:
        Temperature: 138.0 °C
        Concentration Reactant 1: 390.00000000000006
        Concentration Ratio: 4.50
        Time: 1.44 minutes
    Results:
        STY: 3.3691e+03
        E-factor: 1.3123

2025-06-27 15:01:09,484 - Optimizer - INFO
===================================
ITERATION 18
    Type: LHS
    Conditions:
        Temperature: 130.0 °C
        Concentration Reactant 1: 350.0
        Concentration Ratio: 1.30
        Time: 0.69 minutes
    Results:
        STY: 4.5537e+03
        E-factor: 0.6861

2025-06-27 15:01:24,299 - Optimizer - INFO
===================================
ITERATION 19
    Type: LHS
    Conditions:
        Temperature: 70.0 °C
        Concentration Reactant 1: 430.0
        Concentration Ratio: 4.30
        Time: 0.76 minutes
    Results:
        STY: 4.7872e+03
        E-factor: 2.2821

2025-06-27 15:01:39,113 - Optimizer - INFO
===================================
ITERATION 20
    Type: LHS
    Conditions:
        Temperature: 66.0 °C
        Concentration Reactant 1: 310.0
        Concentration Ratio: 1.10
        Time: 1.14 minutes
    Results:
        STY: 7.8337e+02
        E-factor: 3.9495

2025-06-27 15:02:10,939 - Optimizer - INFO
===================================
ITERATION 21
    Type: TSEMO
    Conditions:
        Temperature: 119.08912239452985 °C
        Concentration Reactant 1: 119.97480647820015
        Concentration Ratio: 4.97
        Time: 2.00 minutes
    Results:
        STY: 7.4307e+02
        E-factor: 1.4798

2025-06-27 15:02:35,681 - Optimizer - INFO
===================================
ITERATION 22
    Type: TSEMO
    Conditions:
        Temperature: 132.33035722606138 °C
        Concentration Reactant 1: 384.7573119489319
        Concentration Ratio: 2.58
        Time: 1.02 minutes
    Results:
        STY: 4.6495e+03
        E-factor: 0.6578

2025-06-27 15:03:02,478 - Optimizer - INFO
===================================
ITERATION 23
    Type: TSEMO
    Conditions:
        Temperature: 133.41740662249026 °C
        Concentration Reactant 1: 444.6405803641051
        Concentration Ratio: 3.02
        Time: 0.57 minutes
    Results:
        STY: 9.4899e+03
        E-factor: 0.8272

2025-06-27 15:03:27,557 - Optimizer - INFO
===================================
ITERATION 24
    Type: TSEMO
    Conditions:
        Temperature: 134.0551574259306 °C
        Concentration Reactant 1: 499.98598671740535
        Concentration Ratio: 1.49
        Time: 1.89 minutes
    Results:
        STY: 3.2689e+03
        E-factor: 0.2875

2025-06-27 15:03:53,730 - Optimizer - INFO
===================================
ITERATION 25
    Type: TSEMO
    Conditions:
        Temperature: 120.54209365809933 °C
        Concentration Reactant 1: 427.50607146699747
        Concentration Ratio: 2.13
        Time: 1.97 minutes
    Results:
        STY: 2.7051e+03
        E-factor: 0.4966

2025-06-27 15:04:19,219 - Optimizer - INFO
===================================
ITERATION 26
    Type: TSEMO
    Conditions:
        Temperature: 82.23227260528203 °C
        Concentration Reactant 1: 392.81495493219467
        Concentration Ratio: 1.00
        Time: 1.71 minutes
    Results:
        STY: 1.3967e+03
        E-factor: 1.2668

2025-06-27 15:04:44,372 - Optimizer - INFO
===================================
ITERATION 27
    Type: TSEMO
    Conditions:
        Temperature: 129.4649956904374 °C
        Concentration Reactant 1: 473.3613494248101
        Concentration Ratio: 2.93
        Time: 0.53 minutes
    Results:
        STY: 1.0823e+04
        E-factor: 0.8211

2025-06-27 15:05:09,560 - Optimizer - INFO
===================================
ITERATION 28
    Type: TSEMO
    Conditions:
        Temperature: 64.0010734470679 °C
        Concentration Reactant 1: 499.8909211182682
        Concentration Ratio: 3.44
        Time: 2.00 minutes
    Results:
        STY: 2.7060e+03
        E-factor: 1.2358

2025-06-27 15:05:34,626 - Optimizer - INFO
===================================
ITERATION 29
    Type: TSEMO
    Conditions:
        Temperature: 139.99763940639588 °C
        Concentration Reactant 1: 238.2195020649227
        Concentration Ratio: 2.78
        Time: 0.90 minutes
    Results:
        STY: 3.2262e+03
        E-factor: 0.7614

2025-06-27 15:06:00,258 - Optimizer - INFO
===================================
ITERATION 30
    Type: TSEMO
    Conditions:
        Temperature: 130.43871024166373 °C
        Concentration Reactant 1: 499.99025619563906
        Concentration Ratio: 3.90
        Time: 0.50 minutes
    Results:
        STY: 1.2374e+04
        E-factor: 1.1091

2025-06-27 15:06:25,693 - Optimizer - INFO
===================================
ITERATION 31
    Type: TSEMO
    Conditions:
        Temperature: 139.99999228203006 °C
        Concentration Reactant 1: 332.2653787266296
        Concentration Ratio: 5.00
        Time: 0.62 minutes
    Results:
        STY: 6.7250e+03
        E-factor: 1.4748

2025-06-27 15:06:50,952 - Optimizer - INFO
===================================
ITERATION 32
    Type: TSEMO
    Conditions:
        Temperature: 106.58452785085504 °C
        Concentration Reactant 1: 493.643493786827
        Concentration Ratio: 4.45
        Time: 0.74 minutes
    Results:
        STY: 8.2193e+03
        E-factor: 1.3103

2025-06-27 15:07:16,524 - Optimizer - INFO
===================================
ITERATION 33
    Type: TSEMO
    Conditions:
        Temperature: 90.75949650548264 °C
        Concentration Reactant 1: 464.35288975624485
        Concentration Ratio: 2.67
        Time: 0.75 minutes
    Results:
        STY: 5.9249e+03
        E-factor: 1.1902

2025-06-27 15:07:46,928 - Optimizer - INFO
===================================
ITERATION 34
    Type: TSEMO
    Conditions:
        Temperature: 132.08664957792826 °C
        Concentration Reactant 1: 326.5934602310407
        Concentration Ratio: 2.41
        Time: 1.93 minutes
    Results:
        STY: 2.1084e+03
        E-factor: 0.5903

