2025-06-27 19:24:53,334 - Optimizer - INFO

╔═══════════════════════════════════════════════════════════════════════════════╗
║                                                                               ║
║  ██╗███╗   ██╗███████╗██╗██╗     ██╗ ██████╗██╗ ██████╗ ██████╗ ████████╗     ║
║  ██║████╗  ██║██╔════╝██║██║     ██║██╔════╝██║██╔═══██╗██╔══██╗╚══██╔══╝     ║
║  ██║██╔██╗ ██║███████╗██║██║     ██║██║     ██║██║   ██║██████╔╝   ██║        ║
║  ██║██║╚██╗██║╚════██║██║██║     ██║██║     ██║██║   ██║██╔═══╝    ██║        ║
║  ██║██║ ╚████║███████║██║███████╗██║╚██████╗██║╚██████╔╝██║        ██║        ║
║  ╚═╝╚═╝  ╚═══╝╚══════╝╚═╝╚══════╝╚═╝ ╚═════╝╚═╝ ╚═════╝ ╚═╝        ╚═╝        ║
║                                                                               ║
║                       In Silico Optimization Framework                        ║
║                                 Version 1.0                                   ║
║                                                                               ║
╚═══════════════════════════════════════════════════════════════════════════════╝


OPTIMIZATION SPECIES:
    Reactant 1: Substrate
    Reactant 2: Nucleophilic
    Products: Product1


OPTIMIZATION BOUNDARIES:
    Temperature: (60, 140) °C
    Concentration Reactant 1: (100, 500) %
    Concentration Ratio: (1.0, 5.0)
    Time: (0.5, 2.0) minutes
    STY: (0, 100000000.0)
    E_factor: (0, 50)


REACTOR:
  Num Reactions: 16
  Num Species: 10
  Num Transition States: 16


KINETICS:
  Num Reactions: 16
  Num Species: 10
  Num Transition States: 16
  Tunneling correction: None
  Gradient threshold: 0.004


SOLVATION:
  Num Reactions: 16
  Num Species: 10
  Num Transition States: 16
  Gas Constant: 8.3145


OUTPUT DIRECTORY:
    /home/lennart/PycharmProjects/insiliciopt/examples/system_1/tsemo/output


OPTIMIZER:
  Type: TSEMO
  Num LHS points: 20


REACTIONS:
   R1_fwd: Substrate + Nucleophilic → ITS1 (TS: TS1_fwd)
   R1_rev: ITS1 → Substrate + Nucleophilic (TS: TS1_rev)
   R2_fwd: Substrate + Nucleophilic → ITS2 (TS: TS2_fwd)
   R2_rev: ITS2 → Substrate + Nucleophilic (TS: TS2_rev)
   R3_fwd: Product2 + Nucleophilic → ITS3 (TS: TS3_fwd)
   R3_rev: ITS3 → Product2 + Nucleophilic (TS: TS3_rev)
   R4_fwd: Product1 + Nucleophilic → ITS4 (TS: TS4_fwd)
   R4_rev: ITS4 → Product1 + Nucleophilic (TS: TS4_rev)
   R5_fwd: ITS1 → Product1 + LeavingGroup (TS: TS12_fwd)
   R5_rev: Product1 + LeavingGroup → ITS1 (TS: TS12_rev)
   R6_fwd: ITS2 → Product2 + LeavingGroup (TS: TS22_fwd)
   R6_rev: Product2 + LeavingGroup → ITS2 (TS: TS22_rev)
   R7_fwd: ITS3 → Product3 + LeavingGroup (TS: TS32_fwd)
   R7_rev: Product3 + LeavingGroup → ITS3 (TS: TS32_rev)
   R8_fwd: ITS4 → Product3 + LeavingGroup (TS: TS42_fwd)
   R8_rev: Product3 + LeavingGroup → ITS4 (TS: TS42_rev)


SPECIES:
   Species('ITS1', mass=0.22999999999999998, energy=-847.894967749602, fchk='ITS1.fchk', tab='ITS1.tab')
   Species('Substrate', mass=0.159, energy=-635.334856191927, fchk='Substrate.fchk', tab='Substrate.tab')
   Species('Product1', mass=0.21008046, energy=-747.459040149113, fchk='Product1.fchk', tab='Product1.tab')
   Species('LeavingGroup', mass=0.02, energy=-100.467619260434, fchk='LeavingGroup.fchk', tab='LeavingGroup.tab')
   Species('Nucleophilic', mass=0.071, energy=-212.567127673868, fchk='Nucleophilic.fchk', tab='Nucleophilic.tab')
   Species('ITS3', mass=0.301, energy=-960.014334953842, fchk='ITS3.fchk', tab='ITS3.tab')
   Species('ITS2', mass=0.22999999999999998, energy=-847.87075447606, fchk='ITS2.fchk', tab='ITS2.tab')
   Species('Product3', mass=0.26114773, energy=-859.579422928392, fchk='Product3.fchk', tab='Product3.tab')
   Species('Product2', mass=0.21008046, energy=-747.459616153585, fchk='Product2.fchk', tab='Product2.tab')
   Species('ITS4', mass=0.301, energy=-959.989508763147, fchk='ITS4.fchk', tab='ITS4.tab')


TRANSITION STATES:
   TransitionState('TS2_fwd', mass=None, energy=-847.88361098324, fchk='TS2.fchk', tab='TS2.tab')
   TransitionState('TS32_fwd', mass=None, energy=-960.005129677018, fchk='TS32.fchk', tab='TS32.tab')
   TransitionState('TS1_fwd', mass=None, energy=-847.893645136721, fchk='TS1.fchk', tab='TS1.tab')
   TransitionState('TS3_rev', mass=None, energy=-960.013678294337, fchk='TS3.fchk', tab='TS3.tab')
   TransitionState('TS4_rev', mass=None, energy=-960.001694263016, fchk='TS4.fchk', tab='TS4.tab')
   TransitionState('TS32_rev', mass=None, energy=-960.005129677018, fchk='TS32.fchk', tab='TS32.tab')
   TransitionState('TS22_rev', mass=None, energy=-847.862395909096, fchk='TS22.fchk', tab='TS22.tab')
   TransitionState('TS12_fwd', mass=None, energy=-847.881008554995, fchk='TS12.fchk', tab='TS12.tab')
   TransitionState('TS12_rev', mass=None, energy=-847.881008554995, fchk='TS12.fchk', tab='TS12.tab')
   TransitionState('TS22_fwd', mass=None, energy=-847.862395909096, fchk='TS22.fchk', tab='TS22.tab')
   TransitionState('TS42_rev', mass=None, energy=-959.980523196275, fchk='TS42.fchk', tab='TS42.tab')
   TransitionState('TS2_rev', mass=None, energy=-847.88361098324, fchk='TS2.fchk', tab='TS2.tab')
   TransitionState('TS42_fwd', mass=None, energy=-959.980523196275, fchk='TS42.fchk', tab='TS42.tab')
   TransitionState('TS3_fwd', mass=None, energy=-960.013678294337, fchk='TS3.fchk', tab='TS3.tab')
   TransitionState('TS4_fwd', mass=None, energy=-960.001694263016, fchk='TS4.fchk', tab='TS4.tab')
   TransitionState('TS1_rev', mass=None, energy=-847.893645136721, fchk='TS1.fchk', tab='TS1.tab')


===== STARTING OPTIMIZATION =====


2025-06-27 19:25:12,375 - Optimizer - INFO
===================================
ITERATION 1
    Type: LHS
    Conditions:
        Temperature: 122.0 °C
        Concentration Reactant 1: 330.0
        Concentration Ratio: 4.50
        Time: 0.84 minutes
    Results:
        STY: 4.8970e+03
        E-factor: 1.3105

2025-06-27 19:25:27,870 - Optimizer - INFO
===================================
ITERATION 2
    Type: LHS
    Conditions:
        Temperature: 74.0 °C
        Concentration Reactant 1: 430.0
        Concentration Ratio: 3.30
        Time: 1.21 minutes
    Results:
        STY: 3.4632e+03
        E-factor: 1.4169

2025-06-27 19:25:43,305 - Optimizer - INFO
===================================
ITERATION 3
    Type: LHS
    Conditions:
        Temperature: 102.0 °C
        Concentration Reactant 1: 130.0
        Concentration Ratio: 2.50
        Time: 0.61 minutes
    Results:
        STY: 1.0465e+03
        E-factor: 3.0951

2025-06-27 19:25:58,759 - Optimizer - INFO
===================================
ITERATION 4
    Type: LHS
    Conditions:
        Temperature: 134.0 °C
        Concentration Reactant 1: 210.0
        Concentration Ratio: 3.70
        Time: 1.66 minutes
    Results:
        STY: 1.5751e+03
        E-factor: 1.0295

2025-06-27 19:26:14,087 - Optimizer - INFO
===================================
ITERATION 5
    Type: LHS
    Conditions:
        Temperature: 118.0 °C
        Concentration Reactant 1: 170.0
        Concentration Ratio: 1.10
        Time: 1.06 minutes
    Results:
        STY: 9.6572e+02
        E-factor: 1.3573

2025-06-27 19:26:29,389 - Optimizer - INFO
===================================
ITERATION 6
    Type: LHS
    Conditions:
        Temperature: 110.0 °C
        Concentration Reactant 1: 450.0
        Concentration Ratio: 2.90
        Time: 0.91 minutes
    Results:
        STY: 5.9103e+03
        E-factor: 0.8272

2025-06-27 19:26:45,086 - Optimizer - INFO
===================================
ITERATION 7
    Type: LHS
    Conditions:
        Temperature: 98.0 °C
        Concentration Reactant 1: 250.0
        Concentration Ratio: 1.90
        Time: 1.74 minutes
    Results:
        STY: 1.3851e+03
        E-factor: 0.8323

2025-06-27 19:27:01,064 - Optimizer - INFO
===================================
ITERATION 8
    Type: LHS
    Conditions:
        Temperature: 82.0 °C
        Concentration Reactant 1: 350.0
        Concentration Ratio: 2.70
        Time: 0.69 minutes
    Results:
        STY: 3.5061e+03
        E-factor: 2.0557

2025-06-27 19:27:16,336 - Optimizer - INFO
===================================
ITERATION 9
    Type: LHS
    Conditions:
        Temperature: 126.0 °C
        Concentration Reactant 1: 470.0
        Concentration Ratio: 1.30
        Time: 1.89 minutes
    Results:
        STY: 2.9218e+03
        E-factor: 0.2854

2025-06-27 19:27:31,446 - Optimizer - INFO
===================================
ITERATION 10
    Type: LHS
    Conditions:
        Temperature: 70.0 °C
        Concentration Reactant 1: 410.0
        Concentration Ratio: 2.10
        Time: 0.76 minutes
    Results:
        STY: 2.7302e+03
        E-factor: 2.6411

2025-06-27 19:27:47,222 - Optimizer - INFO
===================================
ITERATION 11
    Type: LHS
    Conditions:
        Temperature: 78.0 °C
        Concentration Reactant 1: 270.0
        Concentration Ratio: 1.50
        Time: 1.44 minutes
    Results:
        STY: 1.0383e+03
        E-factor: 1.8822

2025-06-27 19:28:02,793 - Optimizer - INFO
===================================
ITERATION 12
    Type: LHS
    Conditions:
        Temperature: 130.0 °C
        Concentration Reactant 1: 310.0
        Concentration Ratio: 4.30
        Time: 1.81 minutes
    Results:
        STY: 2.1302e+03
        E-factor: 1.2371

2025-06-27 19:28:18,403 - Optimizer - INFO
===================================
ITERATION 13
    Type: LHS
    Conditions:
        Temperature: 114.0 °C
        Concentration Reactant 1: 390.0
        Concentration Ratio: 4.90
        Time: 1.14 minutes
    Results:
        STY: 4.2822e+03
        E-factor: 1.4355

2025-06-27 19:28:34,009 - Optimizer - INFO
===================================
ITERATION 14
    Type: LHS
    Conditions:
        Temperature: 138.0 °C
        Concentration Reactant 1: 490.0
        Concentration Ratio: 4.10
        Time: 1.59 minutes
    Results:
        STY: 3.8255e+03
        E-factor: 1.1794

2025-06-27 19:28:49,492 - Optimizer - INFO
===================================
ITERATION 15
    Type: LHS
    Conditions:
        Temperature: 62.0 °C
        Concentration Reactant 1: 230.0
        Concentration Ratio: 1.70
        Time: 0.54 minutes
    Results:
        STY: 6.5450e+02
        E-factor: 9.9724

2025-06-27 19:29:05,798 - Optimizer - INFO
===================================
ITERATION 16
    Type: LHS
    Conditions:
        Temperature: 66.0 °C
        Concentration Reactant 1: 290.0
        Concentration Ratio: 4.70
        Time: 1.51 minutes
    Results:
        STY: 1.8124e+03
        E-factor: 2.1278

2025-06-27 19:29:21,821 - Optimizer - INFO
===================================
ITERATION 17
    Type: LHS
    Conditions:
        Temperature: 106.0 °C
        Concentration Reactant 1: 190.0
        Concentration Ratio: 3.10
        Time: 0.99 minutes
    Results:
        STY: 1.8832e+03
        E-factor: 1.3243

2025-06-27 19:29:38,268 - Optimizer - INFO
===================================
ITERATION 18
    Type: LHS
    Conditions:
        Temperature: 90.0 °C
        Concentration Reactant 1: 110.0
        Concentration Ratio: 3.90
        Time: 1.29 minutes
    Results:
        STY: 6.4701e+02
        E-factor: 2.4540

2025-06-27 19:29:53,866 - Optimizer - INFO
===================================
ITERATION 19
    Type: LHS
    Conditions:
        Temperature: 94.0 °C
        Concentration Reactant 1: 150.0
        Concentration Ratio: 3.50
        Time: 1.96 minutes
    Results:
        STY: 8.0416e+02
        E-factor: 1.3243

2025-06-27 19:30:09,649 - Optimizer - INFO
===================================
ITERATION 20
    Type: LHS
    Conditions:
        Temperature: 86.0 °C
        Concentration Reactant 1: 370.0
        Concentration Ratio: 2.30
        Time: 1.36 minutes
    Results:
        STY: 2.6117e+03
        E-factor: 1.0111

2025-06-27 19:32:43,036 - Optimizer - INFO
===================================
ITERATION 21
    Type: TSEMO
    Conditions:
        Temperature: 122.2156 °C
        Concentration Reactant 1: 484.2206
        Concentration Ratio: 3.52
        Time: 0.50 minutes
    Results:
        STY: 1.1706e+04
        E-factor: 1.0277

2025-06-27 19:34:51,771 - Optimizer - INFO
===================================
ITERATION 22
    Type: TSEMO
    Conditions:
        Temperature: 127.0654 °C
        Concentration Reactant 1: 500.0
        Concentration Ratio: 1.38
        Time: 1.07 minutes
    Results:
        STY: 5.2086e+03
        E-factor: 0.3828

2025-06-27 19:37:09,064 - Optimizer - INFO
===================================
ITERATION 23
    Type: TSEMO
    Conditions:
        Temperature: 115.8643 °C
        Concentration Reactant 1: 499.9945
        Concentration Ratio: 4.40
        Time: 0.77 minutes
    Results:
        STY: 8.1453e+03
        E-factor: 1.2687

2025-06-27 19:39:22,595 - Optimizer - INFO
===================================
ITERATION 24
    Type: TSEMO
    Conditions:
        Temperature: 139.0455 °C
        Concentration Reactant 1: 499.9907
        Concentration Ratio: 1.63
        Time: 0.67 minutes
    Results:
        STY: 8.5532e+03
        E-factor: 0.4316

2025-06-27 19:41:36,774 - Optimizer - INFO
===================================
ITERATION 25
    Type: TSEMO
    Conditions:
        Temperature: 86.319 °C
        Concentration Reactant 1: 500.0
        Concentration Ratio: 3.33
        Time: 0.59 minutes
    Results:
        STY: 7.9494e+03
        E-factor: 1.5451

2025-06-27 19:43:48,127 - Optimizer - INFO
===================================
ITERATION 26
    Type: TSEMO
    Conditions:
        Temperature: 139.999 °C
        Concentration Reactant 1: 408.7143
        Concentration Ratio: 4.38
        Time: 0.50 minutes
    Results:
        STY: 1.0177e+04
        E-factor: 1.2649

2025-06-27 19:46:03,608 - Optimizer - INFO
===================================
ITERATION 27
    Type: TSEMO
    Conditions:
        Temperature: 140.0 °C
        Concentration Reactant 1: 499.4743
        Concentration Ratio: 2.68
        Time: 0.53 minutes
    Results:
        STY: 1.1545e+04
        E-factor: 0.7058

2025-06-27 19:48:17,436 - Optimizer - INFO
===================================
ITERATION 28
    Type: TSEMO
    Conditions:
        Temperature: 140.0 °C
        Concentration Reactant 1: 447.3367
        Concentration Ratio: 3.29
        Time: 0.97 minutes
    Results:
        STY: 5.7469e+03
        E-factor: 0.8905

2025-06-27 19:50:35,049 - Optimizer - INFO
===================================
ITERATION 29
    Type: TSEMO
    Conditions:
        Temperature: 124.8594 °C
        Concentration Reactant 1: 426.1841
        Concentration Ratio: 1.00
        Time: 0.50 minutes
    Results:
        STY: 5.7478e+03
        E-factor: 1.0470

2025-06-27 19:52:54,301 - Optimizer - INFO
===================================
ITERATION 30
    Type: TSEMO
    Conditions:
        Temperature: 101.8493 °C
        Concentration Reactant 1: 262.8168
        Concentration Ratio: 4.83
        Time: 0.53 minutes
    Results:
        STY: 5.0159e+03
        E-factor: 1.9828

2025-06-27 19:55:14,392 - Optimizer - INFO
===================================
ITERATION 31
    Type: TSEMO
    Conditions:
        Temperature: 105.7904 °C
        Concentration Reactant 1: 446.3305
        Concentration Ratio: 3.67
        Time: 0.67 minutes
    Results:
        STY: 7.8508e+03
        E-factor: 1.1479

2025-06-27 19:57:30,831 - Optimizer - INFO
===================================
ITERATION 32
    Type: TSEMO
    Conditions:
        Temperature: 78.3622 °C
        Concentration Reactant 1: 466.9355
        Concentration Ratio: 4.99
        Time: 2.00 minutes
    Results:
        STY: 2.9010e+03
        E-factor: 1.4791

2025-06-27 19:59:52,922 - Optimizer - INFO
===================================
ITERATION 33
    Type: TSEMO
    Conditions:
        Temperature: 134.8814 °C
        Concentration Reactant 1: 483.2224
        Concentration Ratio: 3.59
        Time: 0.50 minutes
    Results:
        STY: 1.1978e+04
        E-factor: 1.0040

2025-06-27 20:02:12,599 - Optimizer - INFO
===================================
ITERATION 34
    Type: TSEMO
    Conditions:
        Temperature: 92.2004 °C
        Concentration Reactant 1: 379.8253
        Concentration Ratio: 3.46
        Time: 0.75 minutes
    Results:
        STY: 5.1214e+03
        E-factor: 1.3871

2025-06-27 20:04:30,997 - Optimizer - INFO
===================================
ITERATION 35
    Type: TSEMO
    Conditions:
        Temperature: 140.0 °C
        Concentration Reactant 1: 246.0024
        Concentration Ratio: 1.00
        Time: 1.54 minutes
    Results:
        STY: 1.5129e+03
        E-factor: 0.4553

2025-06-27 20:06:46,272 - Optimizer - INFO
===================================
ITERATION 36
    Type: TSEMO
    Conditions:
        Temperature: 139.9258 °C
        Concentration Reactant 1: 478.4804
        Concentration Ratio: 4.52
        Time: 0.54 minutes
    Results:
        STY: 1.1057e+04
        E-factor: 1.3099

2025-06-27 20:09:03,418 - Optimizer - INFO
===================================
ITERATION 37
    Type: TSEMO
    Conditions:
        Temperature: 107.6939 °C
        Concentration Reactant 1: 499.9999
        Concentration Ratio: 1.51
        Time: 0.67 minutes
    Results:
        STY: 6.4542e+03
        E-factor: 0.8444

2025-06-27 20:11:17,287 - Optimizer - INFO
===================================
ITERATION 38
    Type: TSEMO
    Conditions:
        Temperature: 140.0 °C
        Concentration Reactant 1: 300.9809
        Concentration Ratio: 2.00
        Time: 0.50 minutes
    Results:
        STY: 6.2571e+03
        E-factor: 0.7360

2025-06-27 20:13:37,630 - Optimizer - INFO
===================================
ITERATION 39
    Type: TSEMO
    Conditions:
        Temperature: 139.9985 °C
        Concentration Reactant 1: 479.8425
        Concentration Ratio: 1.00
        Time: 1.21 minutes
    Results:
        STY: 4.1086e+03
        E-factor: 0.3343

2025-06-27 20:15:55,725 - Optimizer - INFO
===================================
ITERATION 40
    Type: TSEMO
    Conditions:
        Temperature: 100.6066 °C
        Concentration Reactant 1: 499.9468
        Concentration Ratio: 2.46
        Time: 0.50 minutes
    Results:
        STY: 9.1455e+03
        E-factor: 1.1869

2025-06-27 20:18:13,582 - Optimizer - INFO
===================================
ITERATION 41
    Type: TSEMO
    Conditions:
        Temperature: 112.6862 °C
        Concentration Reactant 1: 491.7422
        Concentration Ratio: 3.22
        Time: 0.50 minutes
    Results:
        STY: 1.1221e+04
        E-factor: 1.0379

2025-06-27 20:20:31,355 - Optimizer - INFO
===================================
ITERATION 42
    Type: TSEMO
    Conditions:
        Temperature: 128.2069 °C
        Concentration Reactant 1: 500.0
        Concentration Ratio: 2.89
        Time: 0.64 minutes
    Results:
        STY: 9.6184e+03
        E-factor: 0.7780

2025-06-27 20:22:53,320 - Optimizer - INFO
===================================
ITERATION 43
    Type: TSEMO
    Conditions:
        Temperature: 112.6595 °C
        Concentration Reactant 1: 380.3636
        Concentration Ratio: 1.08
        Time: 1.49 minutes
    Results:
        STY: 2.3035e+03
        E-factor: 0.5724

2025-06-27 20:25:15,709 - Optimizer - INFO
===================================
ITERATION 44
    Type: TSEMO
    Conditions:
        Temperature: 137.0413 °C
        Concentration Reactant 1: 100.0536
        Concentration Ratio: 5.00
        Time: 0.60 minutes
    Results:
        STY: 1.8037e+03
        E-factor: 1.8345

2025-06-27 20:27:34,833 - Optimizer - INFO
===================================
ITERATION 45
    Type: TSEMO
    Conditions:
        Temperature: 132.0498 °C
        Concentration Reactant 1: 477.8004
        Concentration Ratio: 1.00
        Time: 0.70 minutes
    Results:
        STY: 5.8775e+03
        E-factor: 0.5935

2025-06-27 20:29:57,685 - Optimizer - INFO
===================================
ITERATION 46
    Type: TSEMO
    Conditions:
        Temperature: 94.7475 °C
        Concentration Reactant 1: 476.8562
        Concentration Ratio: 1.00
        Time: 1.77 minutes
    Results:
        STY: 2.1816e+03
        E-factor: 0.7016

2025-06-27 20:32:18,219 - Optimizer - INFO
===================================
ITERATION 47
    Type: TSEMO
    Conditions:
        Temperature: 139.998 °C
        Concentration Reactant 1: 406.8052
        Concentration Ratio: 1.32
        Time: 0.85 minutes
    Results:
        STY: 5.1666e+03
        E-factor: 0.4107

2025-06-27 20:34:37,260 - Optimizer - INFO
===================================
ITERATION 48
    Type: TSEMO
    Conditions:
        Temperature: 132.8768 °C
        Concentration Reactant 1: 500.0
        Concentration Ratio: 1.97
        Time: 1.40 minutes
    Results:
        STY: 4.4375e+03
        E-factor: 0.4416

2025-06-27 20:36:54,827 - Optimizer - INFO
===================================
ITERATION 49
    Type: TSEMO
    Conditions:
        Temperature: 119.0365 °C
        Concentration Reactant 1: 499.9982
        Concentration Ratio: 2.59
        Time: 0.61 minutes
    Results:
        STY: 9.5192e+03
        E-factor: 0.7633

2025-06-27 20:39:18,992 - Optimizer - INFO
===================================
ITERATION 50
    Type: TSEMO
    Conditions:
        Temperature: 115.1822 °C
        Concentration Reactant 1: 464.1439
        Concentration Ratio: 1.79
        Time: 2.00 minutes
    Results:
        STY: 2.8408e+03
        E-factor: 0.4037

2025-06-27 20:41:43,720 - Optimizer - INFO
===================================
ITERATION 51
    Type: TSEMO
    Conditions:
        Temperature: 75.3913 °C
        Concentration Reactant 1: 368.7985
        Concentration Ratio: 1.00
        Time: 2.00 minutes
    Results:
        STY: 1.0306e+03
        E-factor: 1.4695

2025-06-27 20:44:03,902 - Optimizer - INFO
===================================
ITERATION 52
    Type: TSEMO
    Conditions:
        Temperature: 140.0 °C
        Concentration Reactant 1: 446.7267
        Concentration Ratio: 1.54
        Time: 0.64 minutes
    Results:
        STY: 7.7045e+03
        E-factor: 0.4635

2025-06-27 20:46:38,401 - Optimizer - INFO
===================================
ITERATION 53
    Type: TSEMO
    Conditions:
        Temperature: 110.8623 °C
        Concentration Reactant 1: 393.4781
        Concentration Ratio: 2.44
        Time: 0.73 minutes
    Results:
        STY: 5.7832e+03
        E-factor: 0.8635

2025-06-27 20:49:01,829 - Optimizer - INFO
===================================
ITERATION 54
    Type: TSEMO
    Conditions:
        Temperature: 139.793 °C
        Concentration Reactant 1: 484.3855
        Concentration Ratio: 1.69
        Time: 0.50 minutes
    Results:
        STY: 1.0650e+04
        E-factor: 0.5242

